<?xml version="1.0" encoding="UTF-8"?>
<!-- Generated by org.testng.reporters.JUnitReportReporter -->
<testsuite hostname="YY102312" name="test.philips.com.testsuite.UploadResult" tests="1" failures="0" timestamp="7 Mar 2018 07:11:31 GMT" time="8.425" errors="0">
  <testcase name="loginTest" time="8.425" classname="test.philips.com.testsuite.UploadResult"/>
</testsuite> <!-- test.philips.com.testsuite.UploadResult -->
